[debug] [2024-09-28T06:58:15.458Z] ----------------------------------------------------------------------
[debug] [2024-09-28T06:58:15.462Z] Command:       C:\Program Files\nodejs\node.exe C:\Users\LENOVO\AppData\Roaming\npm\node_modules\firebase-tools\lib\bin\firebase.js init
[debug] [2024-09-28T06:58:15.462Z] CLI Version:   13.20.1
[debug] [2024-09-28T06:58:15.463Z] Platform:      win32
[debug] [2024-09-28T06:58:15.463Z] Node Version:  v20.11.1
[debug] [2024-09-28T06:58:15.463Z] Time:          Sat Sep 28 2024 13:58:15 GMT+0700 (เวลาอินโดจีน)
[debug] [2024-09-28T06:58:15.463Z] ----------------------------------------------------------------------
[debug] 
[debug] [2024-09-28T06:58:15.499Z] > command requires scopes: ["email","openid","https://www.googleapis.com/auth/cloudplatformprojects.readonly","https://www.googleapis.com/auth/firebase","https://www.googleapis.com/auth/cloud-platform"]
[debug] [2024-09-28T06:58:15.502Z] > authorizing via signed-in user (earthearthv@gmail.com)
[info] 
     ######## #### ########  ######## ########     ###     ######  ########
     ##        ##  ##     ## ##       ##     ##  ##   ##  ##       ##
     ######    ##  ########  ######   ########  #########  ######  ######
     ##        ##  ##    ##  ##       ##     ## ##     ##       ## ##
     ##       #### ##     ## ######## ########  ##     ##  ######  ########

You're about to initialize a Firebase project in this directory:

  D:\Portfolio\html-css-js-portfolio-main

[info] 
=== Project Setup
[info] 
[info] First, let's associate this project directory with a Firebase project.
[info] You can create multiple project aliases by running firebase use --add, 
[info] but for now we'll just set up a default project.
[info] 
[debug] [2024-09-28T07:04:21.431Z] Checked if tokens are valid: true, expires at: 1727508447393
[debug] [2024-09-28T07:04:21.432Z] Checked if tokens are valid: true, expires at: 1727508447393
[debug] [2024-09-28T07:04:21.434Z] >>> [apiv2][query] GET https://firebase.googleapis.com/v1beta1/projects pageSize=100
[debug] [2024-09-28T07:04:22.210Z] <<< [apiv2][status] GET https://firebase.googleapis.com/v1beta1/projects 200
[debug] [2024-09-28T07:04:22.210Z] <<< [apiv2][body] GET https://firebase.googleapis.com/v1beta1/projects [omitted]
[info] i  Using project web-responsive-portfolio-a5fd5 (web-responsive-portfolio) 
[info] 
=== Hosting Setup
[debug] [2024-09-28T07:04:31.205Z] Checked if tokens are valid: true, expires at: 1727508447393
[debug] [2024-09-28T07:04:31.206Z] Checked if tokens are valid: true, expires at: 1727508447393
[debug] [2024-09-28T07:04:31.206Z] >>> [apiv2][query] GET https://firebase.googleapis.com/v1beta1/projects/web-responsive-portfolio-a5fd5 [none]
[debug] [2024-09-28T07:04:31.562Z] <<< [apiv2][status] GET https://firebase.googleapis.com/v1beta1/projects/web-responsive-portfolio-a5fd5 200
[debug] [2024-09-28T07:04:31.563Z] <<< [apiv2][body] GET https://firebase.googleapis.com/v1beta1/projects/web-responsive-portfolio-a5fd5 {"projectId":"web-responsive-portfolio-a5fd5","projectNumber":"124442862721","displayName":"web-responsive-portfolio","name":"projects/web-responsive-portfolio-a5fd5","resources":{"hostingSite":"web-responsive-portfolio-a5fd5"},"state":"ACTIVE","etag":"1_d03d8516-8144-450d-9f10-e141a30891ac"}
[info] 
[info] Your public directory is the folder (relative to your project directory) that
[info] will contain Hosting assets to be uploaded with firebase deploy. If you
[info] have a build process for your assets, use your build's output directory.
[info] 
